e:\utgiubjh\utgiubjh\debug\6uw56.obj
e:\utgiubjh\utgiubjh\debug\vc100.pdb
e:\utgiubjh\debug\utgiubjh.exe
e:\utgiubjh\utgiubjh\debug\utgiubjh.exe.embed.manifest.res
c:\users\notebook\desktop\репетиторство\галина бушина\репозиторий\repo\lessons\winapi\wiapi\utgiubjh\debug\vc120.pdb
c:\users\notebook\desktop\репетиторство\галина бушина\репозиторий\repo\lessons\winapi\wiapi\utgiubjh\debug\vc120.idb
c:\users\notebook\desktop\репетиторство\галина бушина\репозиторий\repo\lessons\winapi\wiapi\utgiubjh\debug\cl.command.1.tlog
c:\users\notebook\desktop\репетиторство\галина бушина\репозиторий\repo\lessons\winapi\wiapi\utgiubjh\debug\cl.read.1.tlog
c:\users\notebook\desktop\репетиторство\галина бушина\репозиторий\repo\lessons\winapi\wiapi\utgiubjh\debug\cl.write.1.tlog
c:\users\notebook\desktop\репетиторство\галина бушина\репозиторий\repo\lessons\winapi\wiapi\utgiubjh\debug\link.command.1.tlog
c:\users\notebook\desktop\репетиторство\галина бушина\репозиторий\repo\lessons\winapi\wiapi\utgiubjh\debug\link.read.1.tlog
c:\users\notebook\desktop\репетиторство\галина бушина\репозиторий\repo\lessons\winapi\wiapi\utgiubjh\debug\link.write.1.tlog
c:\users\notebook\desktop\репетиторство\галина бушина\репозиторий\repo\lessons\winapi\wiapi\utgiubjh\debug\mt.command.1.tlog
c:\users\notebook\desktop\репетиторство\галина бушина\репозиторий\repo\lessons\winapi\wiapi\utgiubjh\debug\mt.read.1.tlog
c:\users\notebook\desktop\репетиторство\галина бушина\репозиторий\repo\lessons\winapi\wiapi\utgiubjh\debug\mt.write.1.tlog
c:\users\notebook\desktop\репетиторство\галина бушина\репозиторий\repo\lessons\winapi\wiapi\utgiubjh\debug\rc.command.1.tlog
c:\users\notebook\desktop\репетиторство\галина бушина\репозиторий\repo\lessons\winapi\wiapi\utgiubjh\debug\rc.read.1.tlog
c:\users\notebook\desktop\репетиторство\галина бушина\репозиторий\repo\lessons\winapi\wiapi\utgiubjh\debug\rc.write.1.tlog
c:\users\notebook\desktop\репетиторство\галина бушина\репозиторий\repo\lessons\winapi\wiapi\utgiubjh\debug\utgiubjh.write.1.tlog
c:\users\notebook\desktop\репетиторство\галина бушина\репозиторий\repo\lessons\winapi\wiapi\utgiubjh\debug\utgiubjh.exe.embed.manifest
c:\users\notebook\desktop\репетиторство\галина бушина\репозиторий\repo\lessons\winapi\wiapi\utgiubjh\debug\utgiubjh.exe.intermediate.manifest
c:\users\notebook\desktop\репетиторство\галина бушина\репозиторий\repo\lessons\winapi\wiapi\utgiubjh\debug\utgiubjh.exe.embed.manifest.res
c:\users\notebook\desktop\репетиторство\галина бушина\репозиторий\repo\lessons\winapi\wiapi\utgiubjh\debug\vc100.idb
c:\users\notebook\desktop\репетиторство\галина бушина\репозиторий\repo\lessons\winapi\wiapi\utgiubjh\debug\vc100.pdb
c:\users\notebook\desktop\репетиторство\галина бушина\репозиторий\repo\lessons\winapi\wiapi\utgiubjh\debug\utgiubjh_manifest.rc
c:\users\notebook\desktop\репетиторство\галина бушина\репозиторий\repo\lessons\winapi\wiapi\debug\utgiubjh.pdb
c:\users\notebook\desktop\репетиторство\галина бушина\репозиторий\repo\lessons\winapi\wiapi\utgiubjh\debug\utgiubjh.tlog\cl.command.1.tlog
c:\users\notebook\desktop\репетиторство\галина бушина\репозиторий\repo\lessons\winapi\wiapi\utgiubjh\debug\utgiubjh.tlog\cl.read.1.tlog
c:\users\notebook\desktop\репетиторство\галина бушина\репозиторий\repo\lessons\winapi\wiapi\utgiubjh\debug\utgiubjh.tlog\cl.write.1.tlog
c:\users\notebook\desktop\репетиторство\галина бушина\репозиторий\repo\lessons\winapi\wiapi\utgiubjh\debug\utgiubjh.tlog\link-cvtres.read.1.tlog
c:\users\notebook\desktop\репетиторство\галина бушина\репозиторий\repo\lessons\winapi\wiapi\utgiubjh\debug\utgiubjh.tlog\link-cvtres.write.1.tlog
c:\users\notebook\desktop\репетиторство\галина бушина\репозиторий\repo\lessons\winapi\wiapi\utgiubjh\debug\utgiubjh.tlog\link-rc.read.1.tlog
c:\users\notebook\desktop\репетиторство\галина бушина\репозиторий\repo\lessons\winapi\wiapi\utgiubjh\debug\utgiubjh.tlog\link-rc.write.1.tlog
c:\users\notebook\desktop\репетиторство\галина бушина\репозиторий\repo\lessons\winapi\wiapi\utgiubjh\debug\utgiubjh.tlog\link.command.1.tlog
c:\users\notebook\desktop\репетиторство\галина бушина\репозиторий\repo\lessons\winapi\wiapi\utgiubjh\debug\utgiubjh.tlog\link.read.1.tlog
c:\users\notebook\desktop\репетиторство\галина бушина\репозиторий\repo\lessons\winapi\wiapi\utgiubjh\debug\utgiubjh.tlog\link.write.1.tlog
