f:\lab1\debug\galina.obj
f:\lab1\debug\lab1.exe
f:\lab1\debug\lab1.exe.intermediate.manifest
f:\lab1\debug\lab1.pdb
c:\users\notebook\desktop\репетиторство\галина бушина\репозиторий\repo\lessons\asm\lab1\debug\galina.obj
c:\users\notebook\desktop\репетиторство\галина бушина\репозиторий\repo\lessons\asm\lab1\debug\lab1.vcxprojresolveassemblyreference.cache
c:\users\notebook\desktop\репетиторство\галина бушина\репозиторий\repo\lessons\asm\lab1\debug\lab1.write.1.tlog
c:\users\notebook\desktop\репетиторство\галина бушина\репозиторий\repo\lessons\asm\lab1\debug\link.command.1.tlog
c:\users\notebook\desktop\репетиторство\галина бушина\репозиторий\repo\lessons\asm\lab1\debug\link.read.1.tlog
c:\users\notebook\desktop\репетиторство\галина бушина\репозиторий\repo\lessons\asm\lab1\debug\link.write.1.tlog
c:\users\notebook\desktop\репетиторство\галина бушина\репозиторий\repo\lessons\asm\lab1\debug\mt.command.1.tlog
c:\users\notebook\desktop\репетиторство\галина бушина\репозиторий\repo\lessons\asm\lab1\debug\mt.read.1.tlog
c:\users\notebook\desktop\репетиторство\галина бушина\репозиторий\repo\lessons\asm\lab1\debug\mt.write.1.tlog
c:\users\notebook\desktop\репетиторство\галина бушина\репозиторий\repo\lessons\asm\lab1\debug\lab1.exe.intermediate.manifest
c:\users\notebook\desktop\репетиторство\галина бушина\репозиторий\repo\lessons\asm\lab1\debug\lab1.pdb
c:\users\notebook\desktop\репетиторство\галина бушина\репозиторий\repo\lessons\asm\lab1\debug\lab1.tlog\lab1.write.1u.tlog
c:\users\notebook\desktop\репетиторство\галина бушина\репозиторий\repo\lessons\asm\lab1\debug\lab1.tlog\link-cvtres.read.1.tlog
c:\users\notebook\desktop\репетиторство\галина бушина\репозиторий\repo\lessons\asm\lab1\debug\lab1.tlog\link-cvtres.write.1.tlog
c:\users\notebook\desktop\репетиторство\галина бушина\репозиторий\repo\lessons\asm\lab1\debug\lab1.tlog\link-rc.read.1.tlog
c:\users\notebook\desktop\репетиторство\галина бушина\репозиторий\repo\lessons\asm\lab1\debug\lab1.tlog\link-rc.write.1.tlog
c:\users\notebook\desktop\репетиторство\галина бушина\репозиторий\repo\lessons\asm\lab1\debug\lab1.tlog\link.command.1.tlog
c:\users\notebook\desktop\репетиторство\галина бушина\репозиторий\repo\lessons\asm\lab1\debug\lab1.tlog\link.read.1.tlog
c:\users\notebook\desktop\репетиторство\галина бушина\репозиторий\repo\lessons\asm\lab1\debug\lab1.tlog\link.write.1.tlog
