c:\users\егор\desktop\курсач асвт\or\debug\or.exe
c:\users\егор\desktop\курсач асвт\or\debug\or.pdb
d:\4 курс\курсовая\новая папка\or\debug\or.exe
d:\4 курс\курсовая\новая папка\or\debug\or.pdb
c:\users\егор\desktop\курсач асвт\or\lab3\debug\исходный код.obj
d:\4 курс\курсовая\новая папка\or\lab3\debug\исходный код.obj
d:\4 курс\курсовая\or\lab3\debug\исходный код.obj
d:\4 курс\курсовая\новая папка\or\lab3\debug\vc120.pdb
d:\4 курс\курсовая\новая папка\or\lab3\debug\vc120.idb
d:\4 курс\курсовая\новая папка\or\lab3\debug\main.obj
d:\4 курс\курсовая\or\lab3\debug\vc120.pdb
d:\4 курс\курсовая\or\lab3\debug\vc120.idb
d:\4 курс\курсовая\or\lab3\debug\main.obj
d:\4 курс\курсовая\or\lab3\debug\vc141.pdb
d:\4 курс\курсовая\or\lab3\debug\vc141.idb
e:\4 курс\курсовая\or\lab3\debug\исходный код.obj
e:\4 курс\курсовая\or\lab3\debug\main.obj
e:\4 курс\курсовая\or\lab3\debug\vc120.idb
e:\4 курс\курсовая\or\lab3\debug\vc141.idb
e:\4 курс\курсовая\or\lab3\debug\vc120.pdb
e:\4 курс\курсовая\or\lab3\debug\vc141.pdb
e:\4 курс\курсовая\or\debug\or.pdb
e:\4 курс\курсовая\or\lab3\debug\or.tlog\cl.command.1.tlog
e:\4 курс\курсовая\or\lab3\debug\or.tlog\link.command.1.tlog
e:\4 курс\курсовая\or\lab3\debug\or.tlog\link.write.1.tlog
e:\4 курс\курсовая\or\lab3\debug\or.tlog\or.write.1u.tlog
e:\4 курс\курсовая\or\lab3\debug\or.tlog\cl.read.1.tlog
e:\4 курс\курсовая\or\lab3\debug\or.tlog\link.read.1.tlog
e:\4 курс\курсовая\or\lab3\debug\or.tlog\cl.write.1.tlog
e:\4 курс\курсовая\or\lab3\debug\or.tlog\masm.read.1u.tlog
e:\4 курс\курсовая\or\lab3\debug\or.tlog\masm.write.1u.tlog
e:\4 курс\курсовая\or\lab3\debug\or.tlog\link-rc.read.1.tlog
e:\4 курс\курсовая\or\lab3\debug\or.tlog\link-rc.write.1.tlog
e:\4 курс\курсовая\or\lab3\debug\or.tlog\link-cvtres.read.1.tlog
e:\4 курс\курсовая\or\lab3\debug\or.tlog\link-cvtres.write.1.tlog
e:\4 курс\курсовая\or\lab3\debug\or.tlog\link.delete.1.tlog
